#
# There is insufficient memory for the Java Runtime Environment to continue.
# Native memory allocation (malloc) failed to allocate 32744 bytes for ChunkPool::allocate
# Possible reasons:
#   The system is out of physical RAM or swap space
#   The process is running with CompressedOops enabled, and the Java Heap may be blocking the growth of the native heap
# Possible solutions:
#   Reduce memory load on the system
#   Increase physical memory or swap space
#   Check if swap backing store is full
#   Decrease Java heap size (-Xmx/-Xms)
#   Decrease number of Java threads
#   Decrease Java thread stack sizes (-Xss)
#   Set larger code cache with -XX:ReservedCodeCacheSize=
#   JVM is running with Unscaled Compressed Oops mode in which the Java heap is
#     placed in the first 4GB address space. The Java Heap base address is the
#     maximum limit for the native heap growth. Please use -XX:HeapBaseMinAddress
#     to set the Java Heap base and to place the Java Heap above 4GB virtual address.
# This output file may be truncated or incomplete.
#
#  Out of Memory Error (allocation.cpp:272), pid=10556, tid=0x0000000000003d7c
#
# JRE version: Java(TM) SE Runtime Environment (8.0_202-b08) (build 1.8.0_202-b08)
# Java VM: Java HotSpot(TM) 64-Bit Server VM (25.202-b08 mixed mode windows-amd64 compressed oops)
# Failed to write core dump. Minidumps are not enabled by default on client versions of Windows
#

---------------  T H R E A D  ---------------

Current thread (0x0000000017dda000):  JavaThread "C2 CompilerThread0" daemon [_thread_in_native, id=15740, stack(0x0000000019430000,0x0000000019530000)]

Stack: [0x0000000019430000,0x0000000019530000]
[error occurred during error reporting (printing stack bounds), id 0xc0000005]

Native frames: (J=compiled Java code, j=interpreted, Vv=VM code, C=native code)


Current CompileTask:
C2: 602592 5538   !   4       org.eclipse.jetty.server.HttpInput::consumeAll (232 bytes)


---------------  P R O C E S S  ---------------

Java Threads: ( => current thread )
  0x000000001cfa1800 JavaThread "qtp1962826816-43" [_thread_blocked, id=18572, stack(0x00000000236f0000,0x00000000237f0000)]
  0x000000001cfa2000 JavaThread "qtp1962826816-41" [_thread_blocked, id=20784, stack(0x00000000234f0000,0x00000000235f0000)]
  0x000000001cfa4800 JavaThread "qtp1962826816-40" [_thread_blocked, id=7364, stack(0x00000000233f0000,0x00000000234f0000)]
  0x000000001cf9f000 JavaThread "qtp1962826816-39" [_thread_in_native, id=21660, stack(0x00000000232f0000,0x00000000233f0000)]
  0x000000001cf99000 JavaThread "qtp1962826816-38" [_thread_blocked, id=19136, stack(0x0000000022ef0000,0x0000000022ff0000)]
  0x000000001cf9e800 JavaThread "qtp1962826816-37" [_thread_blocked, id=5420, stack(0x0000000022bf0000,0x0000000022cf0000)]
  0x000000001cf9d000 JavaThread "qtp1962826816-36" [_thread_blocked, id=19088, stack(0x000000001c690000,0x000000001c790000)]
  0x000000001cf9c000 JavaThread "qtp1962826816-34" [_thread_blocked, id=15212, stack(0x0000000001550000,0x0000000001650000)]
  0x000000001cf9b000 JavaThread "qtp1962826816-33" [_thread_blocked, id=16612, stack(0x0000000001450000,0x0000000001550000)]
  0x000000001cf9d800 JavaThread "qtp1962826816-32" [_thread_blocked, id=6360, stack(0x0000000001350000,0x0000000001450000)]
  0x000000001cf99800 JavaThread "qtp1962826816-30" [_thread_blocked, id=8132, stack(0x0000000022ff0000,0x00000000230f0000)]
  0x0000000020894000 JavaThread "qtp1962826816-28" [_thread_blocked, id=5548, stack(0x0000000022df0000,0x0000000022ef0000)]
  0x000000002088e800 JavaThread "qtp1962826816-27" [_thread_blocked, id=22416, stack(0x0000000022cf0000,0x0000000022df0000)]
  0x0000000020893000 JavaThread "qtp1962826816-25" [_thread_blocked, id=15252, stack(0x0000000021480000,0x0000000021580000)]
  0x0000000020891800 JavaThread "Connector-Scheduler-662ac478-1" [_thread_blocked, id=11772, stack(0x0000000021150000,0x0000000021250000)]
  0x000000002088e000 JavaThread "C3P0PooledConnectionPoolManager[identityToken->1hgezedav3u12yv9osc7b|2a317af7]-HelperThread-#2" daemon [_thread_blocked, id=19120, stack(0x0000000021820000,0x0000000021920000)]
  0x0000000020895000 JavaThread "C3P0PooledConnectionPoolManager[identityToken->1hgezedav3u12yv9osc7b|2a317af7]-HelperThread-#1" daemon [_thread_blocked, id=12736, stack(0x0000000021720000,0x0000000021820000)]
  0x0000000020891000 JavaThread "C3P0PooledConnectionPoolManager[identityToken->1hgezedav3u12yv9osc7b|2a317af7]-HelperThread-#0" daemon [_thread_blocked, id=15284, stack(0x0000000021620000,0x0000000021720000)]
  0x0000000020892800 JavaThread "C3P0PooledConnectionPoolManager[identityToken->1hgezedav3u12yv9osc7b|2a317af7]-AdminTaskTimer" daemon [_thread_blocked, id=15816, stack(0x000000001da80000,0x000000001db80000)]
  0x000000001b107000 JavaThread "qtp1962826816-16-acceptor-0@2ae33d6d-ServerConnector@2794eab6{SSL, (ssl, http/1.1)}{0.0.0.0:8443}" [_thread_in_native, id=23332, stack(0x000000001c590000,0x000000001c690000)]
  0x000000001b106800 JavaThread "qtp1962826816-15" [_thread_in_native, id=880, stack(0x000000001c490000,0x000000001c590000)]
  0x000000001b103800 JavaThread "qtp1962826816-14" [_thread_in_native, id=5440, stack(0x000000001c390000,0x000000001c490000)]
  0x000000001b103000 JavaThread "qtp1962826816-13" [_thread_in_native, id=8872, stack(0x000000001c290000,0x000000001c390000)]
  0x000000001b102800 JavaThread "qtp1962826816-12-acceptor-0@13a8cfc4-ServerConnector@662ac478{HTTP/1.1, (http/1.1)}{0.0.0.0:8080}" [_thread_in_native, id=13392, stack(0x000000001c190000,0x000000001c290000)]
  0x000000001a377800 JavaThread "qtp1962826816-11" [_thread_blocked, id=23668, stack(0x000000001c090000,0x000000001c190000)]
  0x000000001af15000 JavaThread "qtp1962826816-10" [_thread_blocked, id=21208, stack(0x000000001bf90000,0x000000001c090000)]
  0x0000000019760800 JavaThread "Service Thread" daemon [_thread_blocked, id=19608, stack(0x0000000019b30000,0x0000000019c30000)]
  0x0000000017de0000 JavaThread "C1 CompilerThread2" daemon [_thread_blocked, id=20356, stack(0x0000000019630000,0x0000000019730000)]
  0x0000000017ddc000 JavaThread "C2 CompilerThread1" daemon [_thread_blocked, id=22624, stack(0x0000000019530000,0x0000000019630000)]
=>0x0000000017dda000 JavaThread "C2 CompilerThread0" daemon [_thread_in_native, id=15740, stack(0x0000000019430000,0x0000000019530000)]
  0x0000000017dd8800 JavaThread "Attach Listener" daemon [_thread_blocked, id=16636, stack(0x0000000019330000,0x0000000019430000)]
  0x0000000017dd7000 JavaThread "Signal Dispatcher" daemon [_thread_blocked, id=17684, stack(0x0000000019230000,0x0000000019330000)]
  0x0000000017dbd800 JavaThread "Finalizer" daemon [_thread_blocked, id=13516, stack(0x0000000019030000,0x0000000019130000)]
  0x0000000003217000 JavaThread "Reference Handler" daemon [_thread_blocked, id=17592, stack(0x0000000018f30000,0x0000000019030000)]
  0x0000000003127000 JavaThread "NinjaJetty" [_thread_blocked, id=8944, stack(0x0000000002f70000,0x0000000003070000)]

Other Threads:
  0x0000000017d97800 VMThread [stack: 0x0000000018e30000,0x0000000018f30000] [id=20524]
  0x00000000197a0000 WatcherThread [stack: 0x0000000019c30000,0x0000000019d30000] [id=12248]

VM state:at safepoint (normal execution)

VM Mutex/Monitor currently owned by a thread:  ([mutex/lock_event])
[0x0000000003124260] Safepoint_lock - owner thread: 0x0000000017d97800
[0x00000000031240e0] Threads_lock - owner thread: 0x0000000017d97800

heap address: 0x0000000082400000, size: 2012 MB, Compressed Oops mode: 32-bit
Narrow klass base: 0x0000000000000000, Narrow klass shift: 3
Compressed class space size: 1073741824 Address: 0x0000000100000000

Heap:
 PSYoungGen      total 385024K, used 198794K [0x00000000d6180000, 0x00000000fd300000, 0x0000000100000000)
  eden space 379904K, 51% used [0x00000000d6180000,0x00000000e1eba8b0,0x00000000ed480000)
  from space 5120K, 98% used [0x00000000fc400000,0x00000000fc8e8000,0x00000000fc900000)
  to   space 10240K, 0% used [0x00000000fc900000,0x00000000fc900000,0x00000000fd300000)
 ParOldGen       total 59904K, used 24139K [0x0000000082400000, 0x0000000085e80000, 0x00000000d6180000)
  object space 59904K, 40% used [0x0000000082400000,0x0000000083b92cc8,0x0000000085e80000)
 Metaspace       used 49820K, capacity 50588K, committed 50944K, reserved 1093632K
  class space    used 6165K, capacity 6350K, committed 6400K, reserved 1048576K

Card table byte_map: [0x00000000126d0000,0x0000000012ac0000] byte_map_base: 0x00000000122be000

Marking Bits: (ParMarkBitMap*) 0x000000005ffd5ce0
 Begin Bits: [0x0000000013160000, 0x00000000150d0000)
 End Bits:   [0x00000000150d0000, 0x0000000017040000)

Polling page: 0x0000000001790000

CodeCache: size=245760Kb used=14878Kb max_used=15451Kb free=230881Kb
 bounds [0x0000000003310000, 0x0000000004280000, 0x0000000012310000]
 total_blobs=5124 nmethods=4562 adapters=474
 compilation: enabled

Compilation events (10 events):
Event: 602.548 Thread 0x0000000017de0000 5535       3       sun.nio.ch.SelectionKeyImpl::setIndex (6 bytes)
Event: 602.549 Thread 0x0000000017de0000 nmethod 5535 0x000000000351c410 code [0x000000000351c560, 0x000000000351c6b0]
Event: 602.551 Thread 0x0000000017de0000 5536       3       org.eclipse.jetty.server.HttpConnection$SendCallback::process (855 bytes)
Event: 602.556 Thread 0x0000000017de0000 nmethod 5536 0x00000000035db890 code [0x00000000035dbfc0, 0x00000000035e2178]
Event: 602.567 Thread 0x0000000017de0000 5537       3       org.eclipse.jetty.util.component.ContainerLifeCycle::getBeans (85 bytes)
Event: 602.568 Thread 0x0000000017de0000 nmethod 5537 0x0000000003daad10 code [0x0000000003daaf80, 0x0000000003dac098]
Event: 602.570 Thread 0x0000000017dda000 5538   !   4       org.eclipse.jetty.server.HttpInput::consumeAll (232 bytes)
Event: 602.579 Thread 0x0000000017ddc000 5539       4       org.eclipse.jetty.server.HttpInput::consume (89 bytes)
Event: 602.582 Thread 0x0000000017ddc000 nmethod 5539 0x00000000036804d0 code [0x0000000003680620, 0x00000000036809b8]
Event: 602.588 Thread 0x0000000017ddc000 5540       4       org.eclipse.jetty.io.IdleTimeout::notIdle (8 bytes)

GC Heap History (10 events):
Event: 590.386 GC heap before
{Heap before GC invocations=39 (full 2):
 PSYoungGen      total 483328K, used 483238K [0x00000000d6180000, 0x00000000fe800000, 0x0000000100000000)
  eden space 477184K, 99% used [0x00000000d6180000,0x00000000f3370f30,0x00000000f3380000)
  from space 6144K, 99% used [0x00000000fe200000,0x00000000fe7f89a8,0x00000000fe800000)
  to   space 10240K, 0% used [0x00000000fd400000,0x00000000fd400000,0x00000000fde00000)
 ParOldGen       total 59904K, used 23999K [0x0000000082400000, 0x0000000085e80000, 0x00000000d6180000)
  object space 59904K, 40% used [0x0000000082400000,0x0000000083b6fca8,0x0000000085e80000)
 Metaspace       used 49812K, capacity 50582K, committed 50944K, reserved 1093632K
  class space    used 6163K, capacity 6349K, committed 6400K, reserved 1048576K
Event: 590.392 GC heap after
Heap after GC invocations=39 (full 2):
 PSYoungGen      total 462336K, used 6177K [0x00000000d6180000, 0x00000000fe280000, 0x0000000100000000)
  eden space 455680K, 0% used [0x00000000d6180000,0x00000000d6180000,0x00000000f1e80000)
  from space 6656K, 92% used [0x00000000fd400000,0x00000000fda084e0,0x00000000fda80000)
  to   space 8192K, 0% used [0x00000000fda80000,0x00000000fda80000,0x00000000fe280000)
 ParOldGen       total 59904K, used 24031K [0x0000000082400000, 0x0000000085e80000, 0x00000000d6180000)
  object space 59904K, 40% used [0x0000000082400000,0x0000000083b77ca8,0x0000000085e80000)
 Metaspace       used 49812K, capacity 50582K, committed 50944K, reserved 1093632K
  class space    used 6163K, capacity 6349K, committed 6400K, reserved 1048576K
}
Event: 591.461 GC heap before
{Heap before GC invocations=40 (full 2):
 PSYoungGen      total 462336K, used 461843K [0x00000000d6180000, 0x00000000fe280000, 0x0000000100000000)
  eden space 455680K, 99% used [0x00000000d6180000,0x00000000f1e7caf0,0x00000000f1e80000)
  from space 6656K, 92% used [0x00000000fd400000,0x00000000fda084e0,0x00000000fda80000)
  to   space 8192K, 0% used [0x00000000fda80000,0x00000000fda80000,0x00000000fe280000)
 ParOldGen       total 59904K, used 24031K [0x0000000082400000, 0x0000000085e80000, 0x00000000d6180000)
  object space 59904K, 40% used [0x0000000082400000,0x0000000083b77ca8,0x0000000085e80000)
 Metaspace       used 49812K, capacity 50582K, committed 50944K, reserved 1093632K
  class space    used 6163K, capacity 6349K, committed 6400K, reserved 1048576K
Event: 591.466 GC heap after
Heap after GC invocations=40 (full 2):
 PSYoungGen      total 441344K, used 6055K [0x00000000d6180000, 0x00000000fe080000, 0x0000000100000000)
  eden space 435200K, 0% used [0x00000000d6180000,0x00000000d6180000,0x00000000f0a80000)
  from space 6144K, 98% used [0x00000000fda80000,0x00000000fe069ef8,0x00000000fe080000)
  to   space 10240K, 0% used [0x00000000fcc80000,0x00000000fcc80000,0x00000000fd680000)
 ParOldGen       total 59904K, used 24031K [0x0000000082400000, 0x0000000085e80000, 0x00000000d6180000)
  object space 59904K, 40% used [0x0000000082400000,0x0000000083b77ca8,0x0000000085e80000)
 Metaspace       used 49812K, capacity 50582K, committed 50944K, reserved 1093632K
  class space    used 6163K, capacity 6349K, committed 6400K, reserved 1048576K
}
Event: 598.328 GC heap before
{Heap before GC invocations=41 (full 2):
 PSYoungGen      total 441344K, used 441004K [0x00000000d6180000, 0x00000000fe080000, 0x0000000100000000)
  eden space 435200K, 99% used [0x00000000d6180000,0x00000000f0a413d8,0x00000000f0a80000)
  from space 6144K, 98% used [0x00000000fda80000,0x00000000fe069ef8,0x00000000fe080000)
  to   space 10240K, 0% used [0x00000000fcc80000,0x00000000fcc80000,0x00000000fd680000)
 ParOldGen       total 59904K, used 24031K [0x0000000082400000, 0x0000000085e80000, 0x00000000d6180000)
  object space 59904K, 40% used [0x0000000082400000,0x0000000083b77ca8,0x0000000085e80000)
 Metaspace       used 49813K, capacity 50582K, committed 50944K, reserved 1093632K
  class space    used 6164K, capacity 6349K, committed 6400K, reserved 1048576K
Event: 598.334 GC heap after
Heap after GC invocations=41 (full 2):
 PSYoungGen      total 421888K, used 5729K [0x00000000d6180000, 0x00000000fdb00000, 0x0000000100000000)
  eden space 415744K, 0% used [0x00000000d6180000,0x00000000d6180000,0x00000000ef780000)
  from space 6144K, 93% used [0x00000000fcc80000,0x00000000fd2184e0,0x00000000fd280000)
  to   space 8704K, 0% used [0x00000000fd280000,0x00000000fd280000,0x00000000fdb00000)
 ParOldGen       total 59904K, used 24083K [0x0000000082400000, 0x0000000085e80000, 0x00000000d6180000)
  object space 59904K, 40% used [0x0000000082400000,0x0000000083b84cc8,0x0000000085e80000)
 Metaspace       used 49813K, capacity 50582K, committed 50944K, reserved 1093632K
  class space    used 6164K, capacity 6349K, committed 6400K, reserved 1048576K
}
Event: 600.098 GC heap before
{Heap before GC invocations=42 (full 2):
 PSYoungGen      total 421888K, used 421473K [0x00000000d6180000, 0x00000000fdb00000, 0x0000000100000000)
  eden space 415744K, 100% used [0x00000000d6180000,0x00000000ef780000,0x00000000ef780000)
  from space 6144K, 93% used [0x00000000fcc80000,0x00000000fd2184e0,0x00000000fd280000)
  to   space 8704K, 0% used [0x00000000fd280000,0x00000000fd280000,0x00000000fdb00000)
 ParOldGen       total 59904K, used 24083K [0x0000000082400000, 0x0000000085e80000, 0x00000000d6180000)
  object space 59904K, 40% used [0x0000000082400000,0x0000000083b84cc8,0x0000000085e80000)
 Metaspace       used 49813K, capacity 50582K, committed 50944K, reserved 1093632K
  class space    used 6164K, capacity 6349K, committed 6400K, reserved 1048576K
Event: 600.103 GC heap after
Heap after GC invocations=42 (full 2):
 PSYoungGen      total 402944K, used 5185K [0x00000000d6180000, 0x00000000fd800000, 0x0000000100000000)
  eden space 397312K, 0% used [0x00000000d6180000,0x00000000d6180000,0x00000000ee580000)
  from space 5632K, 92% used [0x00000000fd280000,0x00000000fd7907c0,0x00000000fd800000)
  to   space 10240K, 0% used [0x00000000fc400000,0x00000000fc400000,0x00000000fce00000)
 ParOldGen       total 59904K, used 24099K [0x0000000082400000, 0x0000000085e80000, 0x00000000d6180000)
  object space 59904K, 40% used [0x0000000082400000,0x0000000083b88cc8,0x0000000085e80000)
 Metaspace       used 49813K, capacity 50582K, committed 50944K, reserved 1093632K
  class space    used 6164K, capacity 6349K, committed 6400K, reserved 1048576K
}
Event: 602.068 GC heap before
{Heap before GC invocations=43 (full 2):
 PSYoungGen      total 402944K, used 402497K [0x00000000d6180000, 0x00000000fd800000, 0x0000000100000000)
  eden space 397312K, 100% used [0x00000000d6180000,0x00000000ee580000,0x00000000ee580000)
  from space 5632K, 92% used [0x00000000fd280000,0x00000000fd7907c0,0x00000000fd800000)
  to   space 10240K, 0% used [0x00000000fc400000,0x00000000fc400000,0x00000000fce00000)
 ParOldGen       total 59904K, used 24099K [0x0000000082400000, 0x0000000085e80000, 0x00000000d6180000)
  object space 59904K, 40% used [0x0000000082400000,0x0000000083b88cc8,0x0000000085e80000)
 Metaspace       used 49813K, capacity 50582K, committed 50944K, reserved 1093632K
  class space    used 6164K, capacity 6349K, committed 6400K, reserved 1048576K
Event: 602.074 GC heap after
Heap after GC invocations=43 (full 2):
 PSYoungGen      total 385024K, used 5024K [0x00000000d6180000, 0x00000000fd300000, 0x0000000100000000)
  eden space 379904K, 0% used [0x00000000d6180000,0x00000000d6180000,0x00000000ed480000)
  from space 5120K, 98% used [0x00000000fc400000,0x00000000fc8e8000,0x00000000fc900000)
  to   space 10240K, 0% used [0x00000000fc900000,0x00000000fc900000,0x00000000fd300000)
 ParOldGen       total 59904K, used 24139K [0x0000000082400000, 0x0000000085e80000, 0x00000000d6180000)
  object space 59904K, 40% used [0x0000000082400000,0x0000000083b92cc8,0x0000000085e80000)
 Metaspace       used 49813K, capacity 50582K, committed 50944K, reserved 1093632K
  class space    used 6164K, capacity 6349K, committed 6400K, reserved 1048576K
}

Deoptimization events (10 events):
Event: 602.527 Thread 0x000000001b106800 Uncommon trap: reason=unstable_if action=reinterpret pc=0x00000000041bff3c method=org.eclipse.jetty.util.IteratingCallback.processing()V @ 365
Event: 602.527 Thread 0x000000001b106800 Uncommon trap: reason=unstable_if action=reinterpret pc=0x00000000041e8b34 method=org.eclipse.jetty.util.SharedBlockingCallback$Blocker.block()V @ 101
Event: 602.527 Thread 0x000000001b106800 Uncommon trap: reason=unstable_if action=reinterpret pc=0x0000000003e68800 method=org.eclipse.jetty.server.ResponseWriter.isOpen()V @ 4
Event: 602.527 Thread 0x000000001b106800 Uncommon trap: reason=unstable_if action=reinterpret pc=0x00000000034b1628 method=org.eclipse.jetty.io.ChannelEndPoint.fill(Ljava/nio/ByteBuffer;)I @ 4
Event: 602.527 Thread 0x000000001b106800 Uncommon trap: reason=unstable_if action=reinterpret pc=0x0000000003bf8704 method=org.eclipse.jetty.server.HttpConnection.onFillable()V @ 63
Event: 602.530 Thread 0x000000001cfa1800 Uncommon trap: reason=unstable_if action=reinterpret pc=0x00000000038e1400 method=org.eclipse.jetty.http.HttpParser.parseNext(Ljava/nio/ByteBuffer;)Z @ 173
Event: 602.536 Thread 0x000000001cf9e800 Uncommon trap: reason=class_check action=maybe_recompile pc=0x00000000041f82f0 method=java.lang.Throwable.<init>(Ljava/lang/String;)V @ 24
Event: 602.536 Thread 0x000000001cf9e800 Uncommon trap: reason=unstable_if action=reinterpret pc=0x00000000041ba478 method=org.eclipse.jetty.util.SharedBlockingCallback$Blocker.block()V @ 101
Event: 602.536 Thread 0x000000001cf9e800 Uncommon trap: reason=unstable_if action=reinterpret pc=0x00000000041f881c method=org.eclipse.jetty.server.ResponseWriter.isOpen()V @ 4
Event: 602.543 Thread 0x0000000020893000 Uncommon trap: reason=class_check action=maybe_recompile pc=0x00000000041f82f0 method=java.lang.Throwable.<init>(Ljava/lang/String;)V @ 24

Classes redefined (0 events):
No events

Internal exceptions (10 events):
Event: 11.302 Thread 0x0000000020893000 Exception <a 'java/lang/reflect/InvocationTargetException'> (0x00000000d7b24038) thrown at [C:\re\workspace\8-2-build-windows-amd64-cygwin\jdk8u202\12323\hotspot\src\share\vm\runtime\reflection.cpp, line 1092]
Event: 602.495 Thread 0x0000000020894000 Exception <a 'java/io/IOException'> (0x00000000de23e3a0) thrown at [C:\re\workspace\8-2-build-windows-amd64-cygwin\jdk8u202\12323\hotspot\src\share\vm\prims\jni.cpp, line 710]
Event: 602.519 Thread 0x000000001b106800 Exception <a 'java/io/IOException'> (0x00000000dee654b8) thrown at [C:\re\workspace\8-2-build-windows-amd64-cygwin\jdk8u202\12323\hotspot\src\share\vm\prims\jni.cpp, line 710]
Event: 602.536 Thread 0x000000001cf9e800 Exception <a 'java/io/IOException'> (0x00000000dfaf7f28) thrown at [C:\re\workspace\8-2-build-windows-amd64-cygwin\jdk8u202\12323\hotspot\src\share\vm\prims\jni.cpp, line 710]
Event: 602.543 Thread 0x0000000020893000 Exception <a 'java/io/IOException'> (0x00000000e002ddf0) thrown at [C:\re\workspace\8-2-build-windows-amd64-cygwin\jdk8u202\12323\hotspot\src\share\vm\prims\jni.cpp, line 710]
Event: 602.551 Thread 0x000000001cf9f000 Exception <a 'java/io/IOException'> (0x00000000e0588f68) thrown at [C:\re\workspace\8-2-build-windows-amd64-cygwin\jdk8u202\12323\hotspot\src\share\vm\prims\jni.cpp, line 710]
Event: 602.559 Thread 0x000000001cf9e800 Exception <a 'java/io/IOException'> (0x00000000e096d158) thrown at [C:\re\workspace\8-2-build-windows-amd64-cygwin\jdk8u202\12323\hotspot\src\share\vm\prims\jni.cpp, line 710]
Event: 602.570 Thread 0x0000000020893000 Exception <a 'java/io/IOException'> (0x00000000e0e1e038) thrown at [C:\re\workspace\8-2-build-windows-amd64-cygwin\jdk8u202\12323\hotspot\src\share\vm\prims\jni.cpp, line 710]
Event: 602.577 Thread 0x000000001cf9e800 Exception <a 'java/io/IOException'> (0x00000000e1424428) thrown at [C:\re\workspace\8-2-build-windows-amd64-cygwin\jdk8u202\12323\hotspot\src\share\vm\prims\jni.cpp, line 710]
Event: 602.586 Thread 0x000000001cf9f000 Exception <a 'java/io/IOException'> (0x00000000e1b94da0) thrown at [C:\re\workspace\8-2-build-windows-amd64-cygwin\jdk8u202\12323\hotspot\src\share\vm\prims\jni.cpp, line 710]

Events (10 events):
Event: 602.555 Executing VM operation: RevokeBias
Event: 602.555 Executing VM operation: RevokeBias done
Event: 602.565 Executing VM operation: RevokeBias
Event: 602.565 Executing VM operation: RevokeBias done
Event: 602.572 Executing VM operation: BulkRevokeBias
Event: 602.572 Executing VM operation: BulkRevokeBias done
Event: 602.573 Executing VM operation: RevokeBias
Event: 602.573 Executing VM operation: RevokeBias done
Event: 602.581 Executing VM operation: RevokeBias
Event: 602.581 Executing VM operation: RevokeBias done


Dynamic libraries:
0x00007ff788df0000 - 0x00007ff788e27000 	C:\Program Files\Java\jdk1.8.0_202\jre\bin\java.exe
0x00007ff943330000 - 0x00007ff943544000 	C:\Windows\SYSTEM32\ntdll.dll
0x00007ff9417b0000 - 0x00007ff941873000 	C:\Windows\System32\KERNEL32.DLL
0x00007ff940b60000 - 0x00007ff940efc000 	C:\Windows\System32\KERNELBASE.dll
0x00007ff941a60000 - 0x00007ff941b0e000 	C:\Windows\System32\ADVAPI32.dll
0x00007ff9431c0000 - 0x00007ff943267000 	C:\Windows\System32\msvcrt.dll
0x00007ff941350000 - 0x00007ff9413f4000 	C:\Windows\System32\sechost.dll
0x00007ff942ef0000 - 0x00007ff943005000 	C:\Windows\System32\RPCRT4.dll
0x00007ff9427b0000 - 0x00007ff94295d000 	C:\Windows\System32\USER32.dll
0x00007ff9408a0000 - 0x00007ff9408c6000 	C:\Windows\System32\win32u.dll
0x00007ff941b10000 - 0x00007ff941b39000 	C:\Windows\System32\GDI32.dll
0x00007ff941020000 - 0x00007ff941133000 	C:\Windows\System32\gdi32full.dll
0x00007ff9408d0000 - 0x00007ff94096a000 	C:\Windows\System32\msvcp_win.dll
0x00007ff940f00000 - 0x00007ff941011000 	C:\Windows\System32\ucrtbase.dll
0x00007ff921cf0000 - 0x00007ff921f7e000 	C:\Windows\WinSxS\amd64_microsoft.windows.common-controls_6595b64144ccf1df_6.0.22621.608_none_a9444ca7c10bb01d\COMCTL32.dll
0x00007ff942eb0000 - 0x00007ff942ee1000 	C:\Windows\System32\IMM32.DLL
0x0000000060530000 - 0x0000000060602000 	C:\Program Files\Java\jdk1.8.0_202\jre\bin\msvcr100.dll
0x000000005f7b0000 - 0x0000000060055000 	C:\Program Files\Java\jdk1.8.0_202\jre\bin\server\jvm.dll
0x00007ff943010000 - 0x00007ff943018000 	C:\Windows\System32\PSAPI.DLL
0x00007ff937cb0000 - 0x00007ff937ce4000 	C:\Windows\SYSTEM32\WINMM.dll
0x00007ff939af0000 - 0x00007ff939afa000 	C:\Windows\SYSTEM32\VERSION.dll
0x00007ff9226c0000 - 0x00007ff9226c9000 	C:\Windows\SYSTEM32\WSOCK32.dll
0x00007ff9429b0000 - 0x00007ff942a21000 	C:\Windows\System32\WS2_32.dll
0x00007ff93b950000 - 0x00007ff93b95f000 	C:\Program Files\Java\jdk1.8.0_202\jre\bin\verify.dll
0x00007ff92a780000 - 0x00007ff92a7a9000 	C:\Program Files\Java\jdk1.8.0_202\jre\bin\java.dll
0x00007ff92adf0000 - 0x00007ff92ae06000 	C:\Program Files\Java\jdk1.8.0_202\jre\bin\zip.dll
0x00007ff941cb0000 - 0x00007ff9424a0000 	C:\Windows\System32\SHELL32.dll
0x00007ff93e730000 - 0x00007ff93effe000 	C:\Windows\SYSTEM32\windows.storage.dll
0x00007ff941420000 - 0x00007ff9417a9000 	C:\Windows\System32\combase.dll
0x00007ff93e5f0000 - 0x00007ff93e72e000 	C:\Windows\SYSTEM32\wintypes.dll
0x00007ff941bb0000 - 0x00007ff941ca1000 	C:\Windows\System32\SHCORE.dll
0x00007ff941b40000 - 0x00007ff941b9e000 	C:\Windows\System32\shlwapi.dll
0x00007ff9406a0000 - 0x00007ff9406c1000 	C:\Windows\SYSTEM32\profapi.dll
0x00007ff9392b0000 - 0x00007ff9392bd000 	C:\Program Files\Java\jdk1.8.0_202\jre\bin\management.dll
0x00007ff9299a0000 - 0x00007ff9299c4000 	C:\Program Files\Java\jdk1.8.0_202\jre\bin\sunec.dll
0x00007ff929c50000 - 0x00007ff929c6a000 	C:\Program Files\Java\jdk1.8.0_202\jre\bin\net.dll
0x00007ff930260000 - 0x00007ff930450000 	C:\Windows\SYSTEM32\urlmon.dll
0x00007ff92f2d0000 - 0x00007ff92f2f8000 	C:\Windows\SYSTEM32\srvcli.dll
0x00007ff93f240000 - 0x00007ff93f24c000 	C:\Windows\SYSTEM32\netutils.dll
0x00007ff92f330000 - 0x00007ff92f5e1000 	C:\Windows\SYSTEM32\iertutil.dll
0x00007ff93fc10000 - 0x00007ff93fc79000 	C:\Windows\system32\mswsock.dll
0x00007ff93f250000 - 0x00007ff93f27d000 	C:\Windows\SYSTEM32\IPHLPAPI.DLL
0x00007ff941ba0000 - 0x00007ff941ba9000 	C:\Windows\System32\NSI.dll
0x00007ff937b60000 - 0x00007ff937b79000 	C:\Windows\SYSTEM32\dhcpcsvc6.DLL
0x00007ff937ac0000 - 0x00007ff937adf000 	C:\Windows\SYSTEM32\dhcpcsvc.DLL
0x00007ff93f2c0000 - 0x00007ff93f3b3000 	C:\Windows\SYSTEM32\DNSAPI.dll
0x00007ff9299d0000 - 0x00007ff9299e2000 	C:\Program Files\Java\jdk1.8.0_202\jre\bin\nio.dll
0x00007ff93fe90000 - 0x00007ff93feab000 	C:\Windows\SYSTEM32\CRYPTSP.dll
0x00007ff93f6f0000 - 0x00007ff93f725000 	C:\Windows\system32\rsaenh.dll
0x00007ff93fd30000 - 0x00007ff93fd58000 	C:\Windows\SYSTEM32\USERENV.dll
0x00007ff940030000 - 0x00007ff940058000 	C:\Windows\SYSTEM32\bcrypt.dll
0x00007ff940ae0000 - 0x00007ff940b5b000 	C:\Windows\System32\bcryptprimitives.dll
0x00007ff93feb0000 - 0x00007ff93febc000 	C:\Windows\SYSTEM32\CRYPTBASE.dll
0x00007ff9399f0000 - 0x00007ff9399fa000 	C:\Windows\System32\rasadhlp.dll
0x00007ff933180000 - 0x00007ff933203000 	C:\Windows\System32\fwpuclnt.dll
0x00007ff939000000 - 0x00007ff939017000 	C:\Windows\system32\napinsp.dll
0x00007ff930b50000 - 0x00007ff930b6b000 	C:\Windows\system32\pnrpnsp.dll
0x00007ff92bff0000 - 0x00007ff92c001000 	C:\Windows\System32\winrnr.dll
0x00007ff9106c0000 - 0x00007ff9106d5000 	C:\Windows\system32\wshbth.dll
0x00007ff8fa4a0000 - 0x00007ff8fa4c1000 	C:\Windows\system32\nlansp_c.dll
0x00007ff92e370000 - 0x00007ff92e37b000 	C:\Program Files\Java\jdk1.8.0_202\jre\bin\sunmscapi.dll
0x00007ff940970000 - 0x00007ff940ad6000 	C:\Windows\System32\CRYPT32.dll

VM Arguments:
jvm_args: -Dninja.mode=dev 
java_command: ninja.standalone.AutoStandalone
java_class_path (initial): D:\Ecllipse\ninja2\target\classes;C:\Users\samar\.m2\repository\org\webjars\tinymce-jquery\4.0.16\tinymce-jquery-4.0.16.jar;C:\Users\samar\.m2\repository\org\webjars\jquery\2.1.3\jquery-2.1.3.jar;C:\Users\samar\.m2\repository\org\webjars\bootstrap\3.3.4\bootstrap-3.3.4.jar;C:\Users\samar\.m2\repository\com\h2database\h2\1.4.186\h2-1.4.186.jar;C:\Users\samar\.m2\repository\com\googlecode\owasp-java-html-sanitizer\owasp-java-html-sanitizer\20190610.1\owasp-java-html-sanitizer-20190610.1.jar;C:\Users\samar\.m2\repository\com\google\guava\guava\27.1-jre\guava-27.1-jre.jar;C:\Users\samar\.m2\repository\com\google\guava\failureaccess\1.0.1\failureaccess-1.0.1.jar;C:\Users\samar\.m2\repository\com\google\guava\listenablefuture\9999.0-empty-to-avoid-conflict-with-guava\listenablefuture-9999.0-empty-to-avoid-conflict-with-guava.jar;C:\Users\samar\.m2\repository\com\google\code\findbugs\jsr305\3.0.2\jsr305-3.0.2.jar;C:\Users\samar\.m2\repository\com\google\errorprone\error_prone_annotations\2.2.0\error_prone_annotations-2.2.0.jar;C:\Users\samar\.m2\repository\com\google\j2objc\j2objc-annotations\1.1\j2objc-annotations-1.1.jar;C:\Users\samar\.m2\repository\org\codehaus\mojo\animal-sniffer-annotations\1.17\animal-sniffer-annotations-1.17.jar;C:\Users\samar\.m2\repository\org\ninjaframework\ninja-standalone\6.9.0\ninja-standalone-6.9.0.jar;C:\Users\samar\.m2\repository\org\ninjaframework\ninja-servlet\6.9.0\ninja-servlet-6.9.0.jar;C:\Users\samar\.m2\repository\org\ninjaframework\ninja-websockets-jsr356\6.9.0\ninja-websockets-jsr356-6.9.0.jar;C:\Users\samar\.m2\repository\com\google\inject\extensions\guice-servlet\5.0.1\guice-servlet-5.0.1.jar;C:\Users\samar\.m2\repository\org\eclipse\jetty\jetty-server\9.4.44.v20210927\jetty-server-9.4.44.v20210927.jar;C:\Users\samar\.m2\repository\org\eclipse\jetty\jetty-http\9.4.44.v20210927\jetty-http-9.4.44.v20210927.jar;C:\Users\samar\.m2\repository\org\eclipse\jetty\jetty-io\9.4.44.v20210927\jetty-io-9.4.44.v20
Launcher Type: SUN_STANDARD

Environment Variables:
JAVA_HOME=C:/Program Files/Java/jdk1.8.0_202
PATH=C:\Users\samar\bin;C:\Program Files\Git\mingw64\bin;C:\Program Files\Git\usr\local\bin;C:\Program Files\Git\usr\bin;C:\Program Files\Git\usr\bin;C:\Program Files\Git\mingw64\bin;C:\Program Files\Git\usr\bin;C:\Users\samar\bin;C:\Program Files (x86)\Common Files\Oracle\Java\javapath;C:\Program Files\Common Files\Oracle\Java\javapath;C:\Python311\Scripts;C:\Python311;C:\Windows\system32;C:\Windows;C:\Windows\System32\Wbem;C:\Windows\System32\WindowsPowerShell\v1.0;C:\Windows\System32\OpenSSH;C:\Program Files\nodejs;C:\ProgramData\chocolatey\bin;C:\Program Files\Git\cmd;C:\Program Files\dotnet;C:\Program Files\Microsoft SQL Server\Client SDK\ODBC\170\Tools\Binn;E:\C Drive\apache-maven-3.9.0-bin\apache-maven-3.9.0\bin;C:\Program Files\Azure Data Studio\bin;C:\Program Files\Java\jdk1.8.0_202\bin;C:\Program Files (x86)\Microsoft SQL Server\160\Tools\Binn;C:\Program Files\Microsoft SQL Server\160\Tools\Binn;C:\Program Files\Microsoft SQL Server\160\DTS\Binn;C:\Program Files (x86)\Microsoft SQL Server\160\DTS\Binn;D:\Anaconda3;D:\Anaconda3\Library\mingw-w64\bin;D:\Anaconda3\Library\usr\bin;D:\Anaconda3\Library\bin;D:\Anaconda3\Scripts;C:\Users\samar\AppData\Local\Microsoft\WindowsApps;D:\Microsoft VS Code\bin;C:\Users\samar\AppData\Local\JetBrains\Toolbox\scripts;C:\Users\samar\AppData\Roaming\npm;C:\Users\samar\.dotnet\tools;C:\Program Files\Azure Data Studio\bin;C:\Program Files\Java\jdk1.8.0_202\bin;C:\Program Files\Git\usr\bin\vendor_perl;C:\Program Files\Git\usr\bin\core_perl
USERNAME=samar
SHELL=C:\Program Files\Git\usr\bin\bash.exe
DISPLAY=needs-to-be-defined
OS=Windows_NT
PROCESSOR_IDENTIFIER=Intel64 Family 6 Model 142 Stepping 12, GenuineIntel



---------------  S Y S T E M  ---------------

OS: Windows 10.0 , 64 bit Build 22621 (10.0.22621.1344)

CPU:total 4 (initial active 4) (2 cores per cpu, 2 threads per core) family 6 model 142 stepping 12, cmov, cx8, fxsr, mmx, sse, sse2, sse3, ssse3, sse4.1, sse4.2, popcnt, avx, avx2, aes, clmul, erms, 3dnowpref, lzcnt, ht, tsc, tscinvbit, bmi1, bmi2, adx

Memory: 4k page, physical 8234148k(517744k free), swap 33399972k(3796k free)

vm_info: Java HotSpot(TM) 64-Bit Server VM (25.202-b08) for windows-amd64 JRE (1.8.0_202-b08), built on Dec 15 2018 19:54:30 by "java_re" with MS VC++ 10.0 (VS2010)

time: Thu Mar 23 15:14:09 2023
timezone: India Standard Time
elapsed time: 602 seconds (0d 0h 10m 2s)

